<?xml version="1.0" encoding="UTF-8"?>
<!-- Generated by org.testng.reporters.JUnitReportReporter -->
<testsuite hostname="DESKTOP-3JTENGP" failures="0" tests="1" name="topsCareerCenter.Login" time="1.612" errors="0" timestamp="2023-12-27T20:39:26 IST" skipped="0">
  <testcase classname="topsCareerCenter.Login" name="login" time="1.612"/>
</testsuite> <!-- topsCareerCenter.Login -->
