<?xml version="1.0" encoding="UTF-8"?>
<!-- Generated by org.testng.reporters.JUnitReportReporter -->
<testsuite hostname="DESKTOP-3JTENGP" failures="0" tests="1" name="topsCareerCenter.Accounts" time="13.879" errors="0" timestamp="2023-12-24T17:13:09 IST" skipped="0">
  <testcase classname="topsCareerCenter.Accounts" name="accounts" time="13.879"/>
</testsuite> <!-- topsCareerCenter.Accounts -->
