<?xml version="1.0" encoding="UTF-8"?>
<!-- Generated by org.testng.reporters.JUnitReportReporter -->
<testsuite hostname="DESKTOP-3JTENGP" failures="0" tests="1" name="fbLogin.ParameterizedLogin" time="17.584" errors="0" timestamp="2023-12-09T18:06:48 IST" skipped="0">
  <testcase classname="fbLogin.ParameterizedLogin" name="login" time="17.584"/>
</testsuite> <!-- fbLogin.ParameterizedLogin -->
